
ROM used:   5736/88064 (7%)
            5736/88064 (7%) including unused fragments

            3.4 Average locations per line
            15.7 Average locations per statement

RAM used:   258/16384 (2%) at main() level
            278/16384 (2%) worst case

Stack size: 128

Lines Stmts  %   Files
----- ----- ---  -----
  266   297  81  main.c
  101    13   4  System.c
   19     0   0  main.h
 1144     0   0  C:\Program Files (x86)\PICC\Devices\33FJ128MC710.h
  113    55  15  Lcd4bit.c
   22     0   0  Lcd4bit.h
----- -----
 1665   365 Total

Page ROM  %  RAM   Vol Diff  Functions:
---- --- --- ---   --- ----  ----------
0     16   0    2             @delay_ms1
0     18   0    0    72  1.2  lcd_enable
0     90   1    4   226  2.8  lcd_send_4bit_data
0     40   0    4    84  1.7  lcd_send_command
0     86   1    0   270  1.4  lcd_init
0     74   1    3   391  4.2  lcd_gotoxy
0     18   0    2    65  1.2  lcd_putchar
0     62   1    0   308  1.9  Main_init
0    430   4    4  1093  5.8  MAIN
0     30   0    0             @const903
0     30   0    0             @const904
0     30   0    0             @const905
0    554   5   11  5780  4.5  Switch_control
0    810   7    8  5722  4.5  Single_Seg7_led_read
0    236   2   11  1563  3.9  Pulse_switch
0    402   4   11  3205  4.0  Control_supply
0    160   1    8  1103  5.8  Check_connect_computer
0    220   2    2  1042  4.8  control_button
0     30   0    0             @const907
0     32   0    0             @const908
0     32   0    0             @const909
0    776   7    7  1654  5.8  Read_current
0    100   1    0             @I64TOF64
0    264   2    8             @DIVFF64
0     86   1    0             @F64TOI64
0     32   0    0             @const917
0    250   2    0             @PRINTFD16_851
0     32   0    0             @const921
0     32   0    0             @const922
0     32   0    0             @const923
0    136   1   18   430  6.7  multi_read_adc
0     84   1    8             @DIV3232A
 Inline         0             @cinit1

Program metrics:
    Functions               16
    Statements              365
    Comments                198
    Volume (V)              33421
    Difficulty (D)          59.6
    Effort to implement (E) 1993059
    Time to implement (T)   30 hours, 45 minutes
    Est Delivered Bugs (B)  5
    Cyclomatic Complexity   89
    Maintainability (MI)    42

 Segment     Used  Free
-----------  ----  ----
00000-00002     4  0  
00004-001FE   508  0  
00200-0FFFE  5224  59800  
10000-157FE     0  22528  



